  AppClass.cpp
  AppClassControls.cpp
  AppClassGUI.cpp
  AppClassMain.cpp
  Main.cpp
  MyMesh.cpp
C:\Users\pierc\source\repos\IGME309-2201\A02 - 3D Primitives\MyMesh.cpp(280,15): warning C4244: 'initializing': conversion from 'double' to 'float', possible loss of data
C:\Users\pierc\source\repos\IGME309-2201\A02 - 3D Primitives\MyMesh.cpp(325,15): warning C4244: 'initializing': conversion from 'double' to 'float', possible loss of data
C:\Users\pierc\source\repos\IGME309-2201\A02 - 3D Primitives\MyMesh.cpp(387,15): warning C4244: 'initializing': conversion from 'double' to 'float', possible loss of data
C:\Users\pierc\source\repos\IGME309-2201\A02 - 3D Primitives\MyMesh.cpp(463,16): warning C4244: 'initializing': conversion from 'double' to 'float', possible loss of data
C:\Users\pierc\source\repos\IGME309-2201\A02 - 3D Primitives\MyMesh.cpp(464,16): warning C4244: 'initializing': conversion from 'double' to 'float', possible loss of data
C:\Users\pierc\source\repos\IGME309-2201\A02 - 3D Primitives\MyMesh.cpp(540,19): warning C4244: 'initializing': conversion from 'double' to 'float', possible loss of data
C:\Users\pierc\source\repos\IGME309-2201\A02 - 3D Primitives\MyMesh.cpp(542,18): warning C4244: 'initializing': conversion from 'double' to 'float', possible loss of data
  Generating Code...
  A02 - 3D Primitives.vcxproj -> C:\Users\pierc\source\repos\IGME309-2201\Z_DELETE\A02 - 3D Primitives_d.exe
  Copying Shaders...
  C:\Users\pierc\source\repos\IGME309-2201\include\Simplex\Shaders\Basic-Instanced.vs
  C:\Users\pierc\source\repos\IGME309-2201\include\Simplex\Shaders\Basic.fs
  C:\Users\pierc\source\repos\IGME309-2201\include\Simplex\Shaders\Basic.vs
  C:\Users\pierc\source\repos\IGME309-2201\include\Simplex\Shaders\BasicColor.fs
  C:\Users\pierc\source\repos\IGME309-2201\include\Simplex\Shaders\BasicColor.vs
  C:\Users\pierc\source\repos\IGME309-2201\include\Simplex\Shaders\Line.fs
  C:\Users\pierc\source\repos\IGME309-2201\include\Simplex\Shaders\Line.vs
  C:\Users\pierc\source\repos\IGME309-2201\include\Simplex\Shaders\Minimal.fs
  C:\Users\pierc\source\repos\IGME309-2201\include\Simplex\Shaders\Minimal.vs
  C:\Users\pierc\source\repos\IGME309-2201\include\Simplex\Shaders\MinimalRed.fs
  C:\Users\pierc\source\repos\IGME309-2201\include\Simplex\Shaders\Simplex.fs
  C:\Users\pierc\source\repos\IGME309-2201\include\Simplex\Shaders\Simplex.vs
  C:\Users\pierc\source\repos\IGME309-2201\include\Simplex\Shaders\Skybox.fs
  C:\Users\pierc\source\repos\IGME309-2201\include\Simplex\Shaders\Skybox.vs
  C:\Users\pierc\source\repos\IGME309-2201\include\Simplex\Shaders\Text.fs
  C:\Users\pierc\source\repos\IGME309-2201\include\Simplex\Shaders\Text.vs
  C:\Users\pierc\source\repos\IGME309-2201\include\Simplex\Shaders\Wireframe.fs
  17 File(s) copied
