  imgui.cpp
  imgui_demo.cpp
  imgui_draw.cpp
  AppClass.cpp
  AppClassControls.cpp
  AppClassGUI.cpp
  AppClassMain.cpp
  ControllerConfiguration.cpp
  MyRigidBody.cpp
  Main.cpp
  MyCamera.cpp
  MyMesh.cpp
  MyMeshManager.cpp
  Generating Code...
  C17_RigidBodyPt3.vcxproj -> C:\Users\pierc\source\repos\IGME309-2201\Z_DELETE\C17_RigidBodyPt3_d.exe
  Copying Shaders...
  C:\Users\pierc\source\repos\IGME309-2201\include\Simplex\Shaders\Basic-Instanced.vs
  C:\Users\pierc\source\repos\IGME309-2201\include\Simplex\Shaders\Basic.fs
  C:\Users\pierc\source\repos\IGME309-2201\include\Simplex\Shaders\Basic.vs
  C:\Users\pierc\source\repos\IGME309-2201\include\Simplex\Shaders\BasicColor.fs
  C:\Users\pierc\source\repos\IGME309-2201\include\Simplex\Shaders\BasicColor.vs
  C:\Users\pierc\source\repos\IGME309-2201\include\Simplex\Shaders\Line.fs
  C:\Users\pierc\source\repos\IGME309-2201\include\Simplex\Shaders\Line.vs
  C:\Users\pierc\source\repos\IGME309-2201\include\Simplex\Shaders\Minimal.fs
  C:\Users\pierc\source\repos\IGME309-2201\include\Simplex\Shaders\Minimal.vs
  C:\Users\pierc\source\repos\IGME309-2201\include\Simplex\Shaders\MinimalRed.fs
  C:\Users\pierc\source\repos\IGME309-2201\include\Simplex\Shaders\Simplex.fs
  C:\Users\pierc\source\repos\IGME309-2201\include\Simplex\Shaders\Simplex.vs
  C:\Users\pierc\source\repos\IGME309-2201\include\Simplex\Shaders\Skybox.fs
  C:\Users\pierc\source\repos\IGME309-2201\include\Simplex\Shaders\Skybox.vs
  C:\Users\pierc\source\repos\IGME309-2201\include\Simplex\Shaders\Text.fs
  C:\Users\pierc\source\repos\IGME309-2201\include\Simplex\Shaders\Text.vs
  C:\Users\pierc\source\repos\IGME309-2201\include\Simplex\Shaders\Wireframe.fs
  17 File(s) copied
