  AppClass.cpp
C:\Users\pierc\source\repos\IGME309-2201\E06.5 - LERP\AppClass.cpp(58,8): warning C4018: '>': signed/unsigned mismatch
C:\Users\pierc\source\repos\IGME309-2201\E06.5 - LERP\AppClass.cpp(65,8): warning C4018: '<': signed/unsigned mismatch
  E06.5 - LERP.vcxproj -> C:\Users\pierc\source\repos\IGME309-2201\Z_DELETE\E06.5 - LERP_d.exe
  Copying Shaders...
  C:\Users\pierc\source\repos\IGME309-2201\include\Simplex\Shaders\Basic-Instanced.vs
  C:\Users\pierc\source\repos\IGME309-2201\include\Simplex\Shaders\Basic.fs
  C:\Users\pierc\source\repos\IGME309-2201\include\Simplex\Shaders\Basic.vs
  C:\Users\pierc\source\repos\IGME309-2201\include\Simplex\Shaders\BasicColor.fs
  C:\Users\pierc\source\repos\IGME309-2201\include\Simplex\Shaders\BasicColor.vs
  C:\Users\pierc\source\repos\IGME309-2201\include\Simplex\Shaders\Line.fs
  C:\Users\pierc\source\repos\IGME309-2201\include\Simplex\Shaders\Line.vs
  C:\Users\pierc\source\repos\IGME309-2201\include\Simplex\Shaders\Minimal.fs
  C:\Users\pierc\source\repos\IGME309-2201\include\Simplex\Shaders\Minimal.vs
  C:\Users\pierc\source\repos\IGME309-2201\include\Simplex\Shaders\MinimalRed.fs
  C:\Users\pierc\source\repos\IGME309-2201\include\Simplex\Shaders\Simplex.fs
  C:\Users\pierc\source\repos\IGME309-2201\include\Simplex\Shaders\Simplex.vs
  C:\Users\pierc\source\repos\IGME309-2201\include\Simplex\Shaders\Skybox.fs
  C:\Users\pierc\source\repos\IGME309-2201\include\Simplex\Shaders\Skybox.vs
  C:\Users\pierc\source\repos\IGME309-2201\include\Simplex\Shaders\Text.fs
  C:\Users\pierc\source\repos\IGME309-2201\include\Simplex\Shaders\Text.vs
  C:\Users\pierc\source\repos\IGME309-2201\include\Simplex\Shaders\Wireframe.fs
  17 File(s) copied
